[22:16:01.467][LOAD_REGISTRIES][CLIENT][INFO] Started loading Scripts for Loader 'contenttweaker'!
[22:16:02.573][LOAD_REGISTRIES][CLIENT][INFO] Finished loading Scripts!
[22:16:02.575][LOAD_REGISTRIES][CLIENT][INFO] Could not find resource loader mod, no resource pack will be generated!
[22:16:02.576][LOAD_REGISTRIES][CLIENT][INFO] Could not find resource loader mod, no data pack will be generated!
[22:16:18.702][COMMON_SETUP][CLIENT][INFO] Started loading Scripts for Loader 'setupCommon'!
[22:16:18.801][COMMON_SETUP][CLIENT][INFO] Finished loading Scripts!
[22:17:40.340][DONE][CLIENT][INFO] Started loading Scripts for Loader 'crafttweaker'!
[22:17:40.400][DONE][CLIENT][INFO] Loading file: Botany.zs
[22:17:40.400][DONE][CLIENT][INFO] Loading file: Mekanism.zs
[22:17:40.405][DONE][CLIENT][INFO] Loading file: MysticalAgriculture.zs
[22:17:40.405][DONE][CLIENT][INFO] Loading file: RemoveAndHide.zs
[22:17:40.410][DONE][CLIENT][INFO] Loading file: ResourcePandas.zs
[22:17:40.457][DONE][CLIENT][INFO] Removing "minecraft:crafting" recipes with output: <item:botanypots:botany_pot>"
[22:17:40.471][DONE][CLIENT][INFO] Adding "minecraft:crafting" recipe, of type: "shaped", with name: "crafttweaker:vs3_botanypots_botany_pot" that outputs: <item:botanypots:botany_pot>
[22:17:40.472][DONE][CLIENT][INFO] Removing "minecraft:crafting" recipes with output: <item:botanypots:hopper_botany_pot>"
[22:17:40.477][DONE][CLIENT][INFO] Adding "minecraft:crafting" recipe, of type: "shaped", with name: "crafttweaker:vs3_botanypots_hopper_botany_pot" that outputs: <item:botanypots:hopper_botany_pot>
[22:17:40.477][DONE][CLIENT][INFO] Removing "minecraft:crafting" recipes with output: <item:mekanism:basic_universal_cable>"
[22:17:40.483][DONE][CLIENT][INFO] Adding "minecraft:crafting" recipe, of type: "shaped", with name: "crafttweaker:vs3_basic_universal_cable" that outputs: <item:mekanism:basic_universal_cable> * 8
[22:17:40.483][DONE][CLIENT][INFO] Removing "minecraft:crafting" recipes with output: <item:cyclic:miner>"
[22:17:40.489][DONE][CLIENT][INFO] Adding "minecraft:crafting" recipe, of type: "shaped", with name: "crafttweaker:vs3_cyclic_miner" that outputs: <item:cyclic:miner>
[22:17:40.489][DONE][CLIENT][INFO] Adding "minecraft:crafting" recipe, of type: "shaped", with name: "crafttweaker:vs3_minecraft_villager_egg" that outputs: <item:minecraft:villager_spawn_egg>
[22:17:40.489][DONE][CLIENT][INFO] Adding "minecraft:crafting" recipe, of type: "shaped", with name: "crafttweaker:vs3_fluxnetworks_fluxed_dust" that outputs: <item:fluxnetworks:flux_dust> * 4
[22:17:40.489][DONE][CLIENT][INFO] Removing "minecraft:crafting" recipes with output: <item:minecraft:sand>"
[22:17:40.494][DONE][CLIENT][INFO] Adding "minecraft:crafting" recipe, of type: "shaped", with name: "crafttweaker:vs3_minecraft_sand" that outputs: <item:minecraft:sand> * 2
[22:17:40.494][DONE][CLIENT][INFO] Removing "minecraft:crafting" recipes with output: <item:minecraft:gravel>"
[22:17:40.500][DONE][CLIENT][INFO] Adding "minecraft:crafting" recipe, of type: "shaped", with name: "crafttweaker:vs3_minecraft_gravel" that outputs: <item:minecraft:gravel> * 2
[22:17:40.500][DONE][CLIENT][INFO] Removing "minecraft:crafting" recipes with output: <item:exnihilosequentia:dust>"
[22:17:40.507][DONE][CLIENT][INFO] Adding "minecraft:crafting" recipe, of type: "shaped", with name: "crafttweaker:vs3_exnihilosequentia_dust" that outputs: <item:exnihilosequentia:dust> * 2
[22:17:40.507][DONE][CLIENT][INFO] Removing "minecraft:crafting" recipes with output: <item:botanypots:white_botany_pot>"
[22:17:40.515][DONE][CLIENT][INFO] Removing "minecraft:crafting" recipes with output: <item:botanypots:hopper_white_botany_pot>"
[22:17:40.522][DONE][CLIENT][INFO] Removing "minecraft:crafting" recipes with output: <item:botanypots:orange_botany_pot>"
[22:17:40.527][DONE][CLIENT][INFO] Removing "minecraft:crafting" recipes with output: <item:botanypots:hopper_orange_botany_pot>"
[22:17:40.533][DONE][CLIENT][INFO] Removing "minecraft:crafting" recipes with output: <item:botanypots:magenta_botany_pot>"
[22:17:40.537][DONE][CLIENT][INFO] Removing "minecraft:crafting" recipes with output: <item:botanypots:hopper_magenta_botany_pot>"
[22:17:40.541][DONE][CLIENT][INFO] Removing "minecraft:crafting" recipes with output: <item:botanypots:light_blue_botany_pot>"
[22:17:40.545][DONE][CLIENT][INFO] Removing "minecraft:crafting" recipes with output: <item:botanypots:hopper_light_blue_botany_pot>"
[22:17:40.550][DONE][CLIENT][INFO] Removing "minecraft:crafting" recipes with output: <item:botanypots:yellow_botany_pot>"
[22:17:40.555][DONE][CLIENT][INFO] Removing "minecraft:crafting" recipes with output: <item:botanypots:hopper_yellow_botany_pot>"
[22:17:40.559][DONE][CLIENT][INFO] Removing "minecraft:crafting" recipes with output: <item:botanypots:lime_botany_pot>"
[22:17:40.563][DONE][CLIENT][INFO] Removing "minecraft:crafting" recipes with output: <item:botanypots:hopper_lime_botany_pot>"
[22:17:40.568][DONE][CLIENT][INFO] Removing "minecraft:crafting" recipes with output: <item:botanypots:pink_botany_pot>"
[22:17:40.572][DONE][CLIENT][INFO] Removing "minecraft:crafting" recipes with output: <item:botanypots:hopper_pink_botany_pot>"
[22:17:40.576][DONE][CLIENT][INFO] Removing "minecraft:crafting" recipes with output: <item:botanypots:gray_botany_pot>"
[22:17:40.580][DONE][CLIENT][INFO] Removing "minecraft:crafting" recipes with output: <item:botanypots:hopper_gray_botany_pot>"
[22:17:40.586][DONE][CLIENT][INFO] Removing "minecraft:crafting" recipes with output: <item:botanypots:light_gray_botany_pot>"
[22:17:40.590][DONE][CLIENT][INFO] Removing "minecraft:crafting" recipes with output: <item:botanypots:hopper_light_gray_botany_pot>"
[22:17:40.594][DONE][CLIENT][INFO] Removing "minecraft:crafting" recipes with output: <item:botanypots:cyan_botany_pot>"
[22:17:40.598][DONE][CLIENT][INFO] Removing "minecraft:crafting" recipes with output: <item:botanypots:hopper_cyan_botany_pot>"
[22:17:40.602][DONE][CLIENT][INFO] Removing "minecraft:crafting" recipes with output: <item:botanypots:purple_botany_pot>"
[22:17:40.606][DONE][CLIENT][INFO] Removing "minecraft:crafting" recipes with output: <item:botanypots:hopper_purple_botany_pot>"
[22:17:40.611][DONE][CLIENT][INFO] Removing "minecraft:crafting" recipes with output: <item:botanypots:blue_botany_pot>"
[22:17:40.616][DONE][CLIENT][INFO] Removing "minecraft:crafting" recipes with output: <item:botanypots:hopper_blue_botany_pot>"
[22:17:40.620][DONE][CLIENT][INFO] Removing "minecraft:crafting" recipes with output: <item:botanypots:brown_botany_pot>"
[22:17:40.623][DONE][CLIENT][INFO] Removing "minecraft:crafting" recipes with output: <item:botanypots:hopper_brown_botany_pot>"
[22:17:40.627][DONE][CLIENT][INFO] Removing "minecraft:crafting" recipes with output: <item:botanypots:green_botany_pot>"
[22:17:40.629][DONE][CLIENT][INFO] Removing "minecraft:crafting" recipes with output: <item:botanypots:hopper_green_botany_pot>"
[22:17:40.632][DONE][CLIENT][INFO] Removing "minecraft:crafting" recipes with output: <item:botanypots:red_botany_pot>"
[22:17:40.635][DONE][CLIENT][INFO] Removing "minecraft:crafting" recipes with output: <item:botanypots:hopper_red_botany_pot>"
[22:17:40.637][DONE][CLIENT][INFO] Removing "minecraft:crafting" recipes with output: <item:botanypots:black_botany_pot>"
[22:17:40.641][DONE][CLIENT][INFO] Removing "minecraft:crafting" recipes with output: <item:botanypots:hopper_black_botany_pot>"
[22:17:40.644][DONE][CLIENT][INFO] Removing "minecraft:crafting" recipes with output: <item:industrialforegoing:fluid_laser_base>"
[22:17:40.647][DONE][CLIENT][INFO] Removing "minecraft:crafting" recipes with output: <item:industrialforegoing:ore_laser_base>"
[22:17:40.650][DONE][CLIENT][INFO] Removing "minecraft:crafting" recipes with output: <item:industrialforegoing:laser_drill>"
[22:17:40.653][DONE][CLIENT][INFO] Removing "minecraft:crafting" recipes with output: <item:industrialforegoing:laser_lens0>"
[22:17:40.656][DONE][CLIENT][INFO] Removing "minecraft:crafting" recipes with output: <item:industrialforegoing:laser_lens1>"
[22:17:40.660][DONE][CLIENT][INFO] Removing "minecraft:crafting" recipes with output: <item:industrialforegoing:laser_lens2>"
[22:17:40.662][DONE][CLIENT][INFO] Removing "minecraft:crafting" recipes with output: <item:industrialforegoing:laser_lens3>"
[22:17:40.665][DONE][CLIENT][INFO] Removing "minecraft:crafting" recipes with output: <item:industrialforegoing:laser_lens4>"
[22:17:40.669][DONE][CLIENT][INFO] Removing "minecraft:crafting" recipes with output: <item:industrialforegoing:laser_lens5>"
[22:17:40.672][DONE][CLIENT][INFO] Removing "minecraft:crafting" recipes with output: <item:industrialforegoing:laser_lens6>"
[22:17:40.675][DONE][CLIENT][INFO] Removing "minecraft:crafting" recipes with output: <item:industrialforegoing:laser_lens13>"
[22:17:40.677][DONE][CLIENT][INFO] Removing "minecraft:crafting" recipes with output: <item:industrialforegoing:laser_lens12>"
[22:17:40.680][DONE][CLIENT][INFO] Removing "minecraft:crafting" recipes with output: <item:industrialforegoing:laser_lens11>"
[22:17:40.684][DONE][CLIENT][INFO] Removing "minecraft:crafting" recipes with output: <item:industrialforegoing:laser_lens10>"
[22:17:40.687][DONE][CLIENT][INFO] Removing "minecraft:crafting" recipes with output: <item:industrialforegoing:laser_lens7>"
[22:17:40.690][DONE][CLIENT][INFO] Removing "minecraft:crafting" recipes with output: <item:industrialforegoing:laser_lens8>"
[22:17:40.692][DONE][CLIENT][INFO] Removing "minecraft:crafting" recipes with output: <item:industrialforegoing:laser_lens9>"
[22:17:40.695][DONE][CLIENT][INFO] Removing "minecraft:crafting" recipes with output: <item:industrialforegoing:laser_lens15>"
[22:17:40.698][DONE][CLIENT][INFO] Removing "minecraft:crafting" recipes with output: <item:industrialforegoing:laser_lens14>"
[22:17:40.700][DONE][CLIENT][INFO] Removing "minecraft:crafting" recipes with output: <item:thermal:electrum_dust>"
[22:17:40.703][DONE][CLIENT][INFO] Removing "minecraft:crafting" recipes with output: <item:thermal:enderium_dust>"
[22:17:40.705][DONE][CLIENT][INFO] Removing "minecraft:crafting" recipes with output: <item:thermal:invar_dust>"
[22:17:40.707][DONE][CLIENT][INFO] Removing "minecraft:crafting" recipes with output: <item:thermal:bronze_dust>"
[22:17:40.709][DONE][CLIENT][INFO] Removing "minecraft:crafting" recipes with output: <item:thermal:lumium_dust>"
[22:17:40.711][DONE][CLIENT][INFO] Removing "minecraft:crafting" recipes with output: <item:thermal:constantan_dust>"
[22:17:40.713][DONE][CLIENT][INFO] Removing "minecraft:crafting" recipes with output: <item:thermal:signalum_dust>"
[22:17:40.716][DONE][CLIENT][INFO] Removing "minecraft:crafting" recipes with output: <item:extendedcrafting:ender_alternator>"
[22:17:40.719][DONE][CLIENT][INFO] Removing "minecraft:crafting" recipes with output: <item:extendedcrafting:ender_crafter>"
[22:17:40.721][DONE][CLIENT][INFO] Removing "minecraft:crafting" recipes with output: <item:extendedcrafting:basic_table>"
[22:17:40.724][DONE][CLIENT][INFO] Removing "minecraft:crafting" recipes with output: <item:extendedcrafting:advanced_table>"
[22:17:40.726][DONE][CLIENT][INFO] Removing "minecraft:crafting" recipes with output: <item:extendedcrafting:elite_table>"
[22:17:40.729][DONE][CLIENT][INFO] Removing "minecraft:crafting" recipes with output: <item:extendedcrafting:ultimate_table>"
[22:17:40.732][DONE][CLIENT][INFO] Removing "minecraft:crafting" recipes with output: <item:extendedcrafting:frame>"
[22:17:40.735][DONE][CLIENT][INFO] Removing "minecraft:crafting" recipes with output: <item:extendedcrafting:black_iron_slate>"
[22:17:40.737][DONE][CLIENT][INFO] Removing "minecraft:crafting" recipes with output: <item:extendedcrafting:pedestal>"
[22:17:40.739][DONE][CLIENT][INFO] Removing "minecraft:crafting" recipes with output: <item:extendedcrafting:crafting_core>"
[22:17:40.741][DONE][CLIENT][INFO] Removing "minecraft:crafting" recipes with output: <item:mysticalagriculture:air_agglomeratio>"
[22:17:40.743][DONE][CLIENT][INFO] Removing "minecraft:crafting" recipes with output: <item:mysticalagriculture:earth_agglomeratio>"
[22:17:40.745][DONE][CLIENT][INFO] Removing "minecraft:crafting" recipes with output: <item:mysticalagriculture:water_agglomeratio>"
[22:17:40.748][DONE][CLIENT][INFO] Removing "minecraft:crafting" recipes with output: <item:mysticalagriculture:fire_agglomeratio>"
[22:17:40.750][DONE][CLIENT][INFO] Removing "minecraft:crafting" recipes with output: <item:mysticalagriculture:nature_agglomeratio>"
[22:17:40.753][DONE][CLIENT][INFO] Removing "minecraft:crafting" recipes with output: <item:mysticalagriculture:dye_agglomeratio>"
[22:17:40.756][DONE][CLIENT][INFO] Removing "minecraft:crafting" recipes with output: <item:mysticalagriculture:nether_agglomeratio>"
[22:17:40.758][DONE][CLIENT][INFO] Removing "minecraft:crafting" recipes with output: <item:mysticalagriculture:coral_agglomeratio>"
[22:17:40.761][DONE][CLIENT][INFO] Removing "minecraft:crafting" recipes with output: <item:mysticalagriculture:honey_agglomeratio>"
[22:17:40.765][DONE][CLIENT][INFO] Removing "minecraft:crafting" recipes with output: <item:mysticalagriculture:end_agglomeratio>"
[22:17:40.768][DONE][CLIENT][INFO] Removing "minecraft:crafting" recipes with output: <item:mysticalagriculture:mystical_flower_agglomeratio>"
[22:17:40.770][DONE][CLIENT][INFO] Removing "minecraft:crafting" recipes with output: <item:minecraft:netherite_ingot>"
[22:17:40.773][DONE][CLIENT][INFO] Removing "minecraft:crafting" recipes with output: <item:botania:floating_pure_daisy>"
[22:17:40.775][DONE][CLIENT][INFO] Removing "minecraft:crafting" recipes with output: <item:botania:floating_manastar>"
[22:17:40.778][DONE][CLIENT][INFO] Removing "minecraft:crafting" recipes with output: <item:botania:floating_hydroangeas>"
[22:17:40.781][DONE][CLIENT][INFO] Removing "minecraft:crafting" recipes with output: <item:botania:floating_endoflame>"
[22:17:40.783][DONE][CLIENT][INFO] Removing "minecraft:crafting" recipes with output: <item:botania:floating_thermalily>"
[22:17:40.785][DONE][CLIENT][INFO] Removing "minecraft:crafting" recipes with output: <item:botania:floating_rosa_arcana>"
[22:17:40.788][DONE][CLIENT][INFO] Removing "minecraft:crafting" recipes with output: <item:botania:floating_munchdew>"
[22:17:40.790][DONE][CLIENT][INFO] Removing "minecraft:crafting" recipes with output: <item:botania:floating_entropinnyum>"
[22:17:40.793][DONE][CLIENT][INFO] Removing "minecraft:crafting" recipes with output: <item:botania:floating_kekimurus>"
[22:17:40.795][DONE][CLIENT][INFO] Removing "minecraft:crafting" recipes with output: <item:botania:floating_gourmaryllis>"
[22:17:40.797][DONE][CLIENT][INFO] Removing "minecraft:crafting" recipes with output: <item:botania:floating_narslimmus>"
[22:17:40.800][DONE][CLIENT][INFO] Removing "minecraft:crafting" recipes with output: <item:botania:floating_spectrolus>"
[22:17:40.803][DONE][CLIENT][INFO] Removing "minecraft:crafting" recipes with output: <item:botania:floating_dandelifeon>"
[22:17:40.805][DONE][CLIENT][INFO] Removing "minecraft:crafting" recipes with output: <item:botania:floating_rafflowsia>"
[22:17:40.808][DONE][CLIENT][INFO] Removing "minecraft:crafting" recipes with output: <item:botania:floating_shulk_me_not>"
[22:17:40.810][DONE][CLIENT][INFO] Removing "minecraft:crafting" recipes with output: <item:botania:floating_bellethorn>"
[22:17:40.813][DONE][CLIENT][INFO] Removing "minecraft:crafting" recipes with output: <item:botania:floating_bellethorn_chibi>"
[22:17:40.816][DONE][CLIENT][INFO] Removing "minecraft:crafting" recipes with output: <item:botania:floating_bergamute>"
[22:17:40.818][DONE][CLIENT][INFO] Removing "minecraft:crafting" recipes with output: <item:botania:floating_dreadthorn>"
[22:17:40.821][DONE][CLIENT][INFO] Removing "minecraft:crafting" recipes with output: <item:botania:floating_heisei_dream>"
[22:17:40.824][DONE][CLIENT][INFO] Removing "minecraft:crafting" recipes with output: <item:botania:floating_tigerseye>"
[22:17:40.826][DONE][CLIENT][INFO] Removing "minecraft:crafting" recipes with output: <item:botania:floating_jaded_amaranthus>"
[22:17:40.828][DONE][CLIENT][INFO] Removing "minecraft:crafting" recipes with output: <item:botania:floating_orechid>"
[22:17:40.831][DONE][CLIENT][INFO] Removing "minecraft:crafting" recipes with output: <item:botania:floating_fallen_kanade>"
[22:17:40.833][DONE][CLIENT][INFO] Removing "minecraft:crafting" recipes with output: <item:botania:floating_exoflame>"
[22:17:40.836][DONE][CLIENT][INFO] Removing "minecraft:crafting" recipes with output: <item:botania:floating_agricarnation>"
[22:17:40.838][DONE][CLIENT][INFO] Removing "minecraft:crafting" recipes with output: <item:botania:floating_agricarnation_chibi>"
[22:17:40.842][DONE][CLIENT][INFO] Removing "minecraft:crafting" recipes with output: <item:botania:floating_hopperhock>"
[22:17:40.844][DONE][CLIENT][INFO] Removing "minecraft:crafting" recipes with output: <item:botania:floating_hopperhock_chibi>"
[22:17:40.846][DONE][CLIENT][INFO] Removing "minecraft:crafting" recipes with output: <item:botania:floating_tangleberrie>"
[22:17:40.849][DONE][CLIENT][INFO] Removing "minecraft:crafting" recipes with output: <item:botania:floating_jiyuulia>"
[22:17:40.851][DONE][CLIENT][INFO] Removing "minecraft:crafting" recipes with output: <item:botania:floating_rannuncarpus>"
[22:17:40.854][DONE][CLIENT][INFO] Removing "minecraft:crafting" recipes with output: <item:botania:floating_rannuncarpus_chibi>"
[22:17:40.857][DONE][CLIENT][INFO] Removing "minecraft:crafting" recipes with output: <item:botania:floating_hyacidus>"
[22:17:40.859][DONE][CLIENT][INFO] Removing "minecraft:crafting" recipes with output: <item:botania:floating_pollidisiac>"
[22:17:40.863][DONE][CLIENT][INFO] Removing "minecraft:crafting" recipes with output: <item:botania:floating_clayconia>"
[22:17:40.866][DONE][CLIENT][INFO] Removing "minecraft:crafting" recipes with output: <item:botania:floating_clayconia_chibi>"
[22:17:40.869][DONE][CLIENT][INFO] Removing "minecraft:crafting" recipes with output: <item:botania:floating_loonium>"
[22:17:40.871][DONE][CLIENT][INFO] Removing "minecraft:crafting" recipes with output: <item:botania:floating_daffomill>"
[22:17:40.873][DONE][CLIENT][INFO] Removing "minecraft:crafting" recipes with output: <item:botania:floating_vinculotus>"
[22:17:40.876][DONE][CLIENT][INFO] Removing "minecraft:crafting" recipes with output: <item:botania:floating_spectranthemum>"
[22:17:40.879][DONE][CLIENT][INFO] Removing "minecraft:crafting" recipes with output: <item:botania:floating_medumone>"
[22:17:40.881][DONE][CLIENT][INFO] Removing "minecraft:crafting" recipes with output: <item:botania:floating_marimorphosis>"
[22:17:40.884][DONE][CLIENT][INFO] Removing "minecraft:crafting" recipes with output: <item:botania:floating_marimorphosis_chibi>"
[22:17:40.887][DONE][CLIENT][INFO] Removing "minecraft:crafting" recipes with output: <item:botania:floating_bubbell>"
[22:17:40.890][DONE][CLIENT][INFO] Removing "minecraft:crafting" recipes with output: <item:botania:floating_bubbell_chibi>"
[22:17:40.893][DONE][CLIENT][INFO] Removing "minecraft:crafting" recipes with output: <item:botania:floating_solegnolia>"
[22:17:40.894][DONE][CLIENT][INFO] Removing "minecraft:crafting" recipes with output: <item:botania:floating_solegnolia_chibi>"
[22:17:40.898][DONE][CLIENT][INFO] Removing "minecraft:crafting" recipes with output: <item:botania:floating_orechid_ignem>"
[22:17:40.901][DONE][CLIENT][INFO] Removing "minecraft:crafting" recipes with output: <item:mythicbotany:exoblaze_floating>"
[22:17:40.903][DONE][CLIENT][INFO] Removing "minecraft:crafting" recipes with output: <item:mythicbotany:wither_aconite_floating>"
[22:17:40.906][DONE][CLIENT][INFO] Removing "minecraft:crafting" recipes with output: <item:mythicbotany:aquapanthus_floating>"
[22:17:40.908][DONE][CLIENT][INFO] Removing "minecraft:crafting" recipes with output: <item:mythicbotany:hellebore_floating>"
[22:17:40.910][DONE][CLIENT][INFO] Removing "minecraft:crafting" recipes with output: <item:mythicbotany:raindeletia_floating>"
[22:17:40.915][DONE][CLIENT][INFO] Removing "minecraft:crafting" recipe with name: "thermal:fire_charge/bronze_ingot_4"
[22:17:40.915][DONE][CLIENT][INFO] Removing "minecraft:crafting" recipe with name: "thermal:fire_charge/enderium_ingot_2"
[22:17:40.915][DONE][CLIENT][INFO] Removing "minecraft:crafting" recipe with name: "thermal:fire_charge/constantan_ingot_2"
[22:17:40.915][DONE][CLIENT][INFO] Removing "minecraft:crafting" recipe with name: "thermal:fire_charge/electrum_ingot_2"
[22:17:40.915][DONE][CLIENT][INFO] Removing "minecraft:crafting" recipe with name: "thermal:fire_charge/signalum_ingot_4"
[22:17:40.915][DONE][CLIENT][INFO] Removing "minecraft:crafting" recipe with name: "thermal:fire_charge/invar_ingot_3"
[22:17:40.915][DONE][CLIENT][INFO] Removing "minecraft:crafting" recipe with name: "thermal:fire_charge/lumium_ingot_4"
[22:17:40.915][DONE][CLIENT][INFO] Removing "minecraft:crafting" recipe with name: "thermal:storage/bronze_ingot"
[22:17:40.915][DONE][CLIENT][INFO] Removing "minecraft:crafting" recipe with name: "thermal:storage/copper_ingot"
[22:17:40.915][DONE][CLIENT][INFO] Removing "minecraft:crafting" recipe with name: "thermal:storage/enderium_ingot"
[22:17:40.915][DONE][CLIENT][INFO] Removing "minecraft:crafting" recipe with name: "thermal:storage/constantan_ingot"
[22:17:40.915][DONE][CLIENT][INFO] Removing "minecraft:crafting" recipe with name: "thermal:storage/electrum_ingot"
[22:17:40.915][DONE][CLIENT][INFO] Removing "minecraft:crafting" recipe with name: "thermal:storage/tin_ingot"
[22:17:40.915][DONE][CLIENT][INFO] Removing "minecraft:crafting" recipe with name: "thermal:storage/signalum_ingot"
[22:17:40.915][DONE][CLIENT][INFO] Removing "minecraft:crafting" recipe with name: "thermal:storage/silver_ingot"
[22:17:40.915][DONE][CLIENT][INFO] Removing "minecraft:crafting" recipe with name: "thermal:storage/lumium_ingot"
[22:17:40.915][DONE][CLIENT][INFO] Removing "minecraft:crafting" recipe with name: "thermal:storage/lead_ingot"
[22:17:40.915][DONE][CLIENT][INFO] Removing "minecraft:crafting" recipe with name: "thermal:storage/nickel_ingot"
[22:17:40.915][DONE][CLIENT][INFO] Removing "minecraft:crafting" recipe with name: "thermal:storage/invar_ingot"
[22:17:40.915][DONE][CLIENT][INFO] Removing "minecraft:crafting" recipe with name: "extendedcrafting:black_iron_ingot"
[22:17:40.915][DONE][CLIENT][INFO] Removing "minecraft:crafting" recipe with name: "extendedcrafting:redstone_ingot"
[22:17:40.915][DONE][CLIENT][INFO] Removing "minecraft:crafting" recipe with name: "extendedcrafting:ender_ingot"
[22:17:40.917][DONE][CLIENT][INFO] Removing Infusion Crafting recipes for <item:mysticalagriculture:signalum_seeds>
[22:17:40.918][DONE][CLIENT][INFO] Removing Infusion Crafting recipes for <item:mysticalagriculture:lumium_seeds>
[22:17:40.918][DONE][CLIENT][INFO] Removing Infusion Crafting recipes for <item:mysticalagriculture:energized_steel_seeds>
[22:17:40.918][DONE][CLIENT][INFO] Removing Infusion Crafting recipes for <item:mysticalagriculture:blazing_crystal_seeds>
[22:17:40.918][DONE][CLIENT][INFO] Removing Infusion Crafting recipes for <item:mysticalagriculture:terrasteel_seeds>
[22:17:40.918][DONE][CLIENT][INFO] Removing Infusion Crafting recipes for <item:mysticalagriculture:wither_skeleton_seeds>
[22:17:40.918][DONE][CLIENT][INFO] Removing Infusion Crafting recipes for <item:mysticalagriculture:netherite_seeds>
[22:17:40.918][DONE][CLIENT][INFO] Removing Infusion Crafting recipes for <item:mysticalagriculture:emerald_seeds>
[22:17:40.918][DONE][CLIENT][INFO] Removing Infusion Crafting recipes for <item:mysticalagriculture:diamond_seeds>
[22:17:40.918][DONE][CLIENT][INFO] Removing Infusion Crafting recipes for <item:mysticalagriculture:fluix_seeds>
[22:17:40.918][DONE][CLIENT][INFO] Removing Infusion Crafting recipes for <item:mysticalagriculture:compressed_iron_seeds>
[22:17:40.918][DONE][CLIENT][INFO] Removing Infusion Crafting recipes for <item:mysticalagriculture:refined_obsidian_seeds>
[22:17:40.918][DONE][CLIENT][INFO] Removing Infusion Crafting recipes for <item:mysticalagriculture:refined_glowstone_seeds>
[22:17:40.918][DONE][CLIENT][INFO] Removing Infusion Crafting recipes for <item:mysticalagriculture:osmium_seeds>
[22:17:40.919][DONE][CLIENT][INFO] Removing Infusion Crafting recipes for <item:mysticalagriculture:elementium_seeds>
[22:17:40.919][DONE][CLIENT][INFO] Removing Infusion Crafting recipes for <item:mysticalagriculture:chrome_seeds>
[22:17:40.919][DONE][CLIENT][INFO] Removing Infusion Crafting recipes for <item:mysticalagriculture:uranium_seeds>
[22:17:40.919][DONE][CLIENT][INFO] Removing Infusion Crafting recipes for <item:mysticalagriculture:titanium_seeds>
[22:17:40.919][DONE][CLIENT][INFO] Removing Infusion Crafting recipes for <item:mysticalagriculture:tungsten_seeds>
[22:17:40.919][DONE][CLIENT][INFO] Removing Infusion Crafting recipes for <item:mysticalagriculture:mithril_seeds>
[22:17:40.919][DONE][CLIENT][INFO] Removing Infusion Crafting recipes for <item:mysticalagriculture:invar_seeds>
[22:17:40.919][DONE][CLIENT][INFO] Removing Infusion Crafting recipes for <item:mysticalagriculture:electrum_seeds>
[22:17:40.919][DONE][CLIENT][INFO] Removing Infusion Crafting recipes for <item:mysticalagriculture:constantan_seeds>
[22:17:40.919][DONE][CLIENT][INFO] Removing Infusion Crafting recipes for <item:mysticalagriculture:nickel_seeds>
[22:17:40.919][DONE][CLIENT][INFO] Removing Infusion Crafting recipes for <item:mysticalagriculture:steel_seeds>
[22:17:40.919][DONE][CLIENT][INFO] Removing Infusion Crafting recipes for <item:mysticalagriculture:enderman_seeds>
[22:17:40.919][DONE][CLIENT][INFO] Removing Infusion Crafting recipes for <item:mysticalagriculture:ghast_seeds>
[22:17:40.919][DONE][CLIENT][INFO] Removing Infusion Crafting recipes for <item:mysticalagriculture:blaze_seeds>
[22:17:40.919][DONE][CLIENT][INFO] Removing Infusion Crafting recipes for <item:mysticalagriculture:experience_seeds>
[22:17:40.919][DONE][CLIENT][INFO] Removing Infusion Crafting recipes for <item:mysticalagriculture:end_seeds>
[22:17:40.919][DONE][CLIENT][INFO] Removing Infusion Crafting recipes for <item:mysticalagriculture:lapis_lazuli_seeds>
[22:17:40.919][DONE][CLIENT][INFO] Removing Infusion Crafting recipes for <item:mysticalagriculture:gold_seeds>
[22:17:40.920][DONE][CLIENT][INFO] Finished loading Scripts!
[22:18:03.085][DONE][CLIENT][INFO] Started loading Scripts for Loader 'crafttweaker'!
[22:18:03.121][DONE][CLIENT][INFO] Loading file: Botany.zs
[22:18:03.122][DONE][CLIENT][INFO] Loading file: Mekanism.zs
[22:18:03.122][DONE][CLIENT][INFO] Loading file: MysticalAgriculture.zs
[22:18:03.123][DONE][CLIENT][INFO] Loading file: RemoveAndHide.zs
[22:18:03.124][DONE][CLIENT][INFO] Loading file: ResourcePandas.zs
[22:18:03.138][DONE][CLIENT][INFO] Removing "minecraft:crafting" recipes with output: <item:botanypots:botany_pot>"
[22:18:03.142][DONE][CLIENT][INFO] Adding "minecraft:crafting" recipe, of type: "shaped", with name: "crafttweaker:vs3_botanypots_botany_pot" that outputs: <item:botanypots:botany_pot>
[22:18:03.142][DONE][CLIENT][INFO] Removing "minecraft:crafting" recipes with output: <item:botanypots:hopper_botany_pot>"
[22:18:03.145][DONE][CLIENT][INFO] Adding "minecraft:crafting" recipe, of type: "shaped", with name: "crafttweaker:vs3_botanypots_hopper_botany_pot" that outputs: <item:botanypots:hopper_botany_pot>
[22:18:03.145][DONE][CLIENT][INFO] Removing "minecraft:crafting" recipes with output: <item:mekanism:basic_universal_cable>"
[22:18:03.148][DONE][CLIENT][INFO] Adding "minecraft:crafting" recipe, of type: "shaped", with name: "crafttweaker:vs3_basic_universal_cable" that outputs: <item:mekanism:basic_universal_cable> * 8
[22:18:03.148][DONE][CLIENT][INFO] Removing "minecraft:crafting" recipes with output: <item:cyclic:miner>"
[22:18:03.152][DONE][CLIENT][INFO] Adding "minecraft:crafting" recipe, of type: "shaped", with name: "crafttweaker:vs3_cyclic_miner" that outputs: <item:cyclic:miner>
[22:18:03.152][DONE][CLIENT][INFO] Adding "minecraft:crafting" recipe, of type: "shaped", with name: "crafttweaker:vs3_minecraft_villager_egg" that outputs: <item:minecraft:villager_spawn_egg>
[22:18:03.152][DONE][CLIENT][INFO] Adding "minecraft:crafting" recipe, of type: "shaped", with name: "crafttweaker:vs3_fluxnetworks_fluxed_dust" that outputs: <item:fluxnetworks:flux_dust> * 4
[22:18:03.152][DONE][CLIENT][INFO] Removing "minecraft:crafting" recipes with output: <item:minecraft:sand>"
[22:18:03.156][DONE][CLIENT][INFO] Adding "minecraft:crafting" recipe, of type: "shaped", with name: "crafttweaker:vs3_minecraft_sand" that outputs: <item:minecraft:sand> * 2
[22:18:03.156][DONE][CLIENT][INFO] Removing "minecraft:crafting" recipes with output: <item:minecraft:gravel>"
[22:18:03.159][DONE][CLIENT][INFO] Adding "minecraft:crafting" recipe, of type: "shaped", with name: "crafttweaker:vs3_minecraft_gravel" that outputs: <item:minecraft:gravel> * 2
[22:18:03.159][DONE][CLIENT][INFO] Removing "minecraft:crafting" recipes with output: <item:exnihilosequentia:dust>"
[22:18:03.162][DONE][CLIENT][INFO] Adding "minecraft:crafting" recipe, of type: "shaped", with name: "crafttweaker:vs3_exnihilosequentia_dust" that outputs: <item:exnihilosequentia:dust> * 2
[22:18:03.163][DONE][CLIENT][INFO] Removing "minecraft:crafting" recipes with output: <item:botanypots:white_botany_pot>"
[22:18:03.167][DONE][CLIENT][INFO] Removing "minecraft:crafting" recipes with output: <item:botanypots:hopper_white_botany_pot>"
[22:18:03.169][DONE][CLIENT][INFO] Removing "minecraft:crafting" recipes with output: <item:botanypots:orange_botany_pot>"
[22:18:03.172][DONE][CLIENT][INFO] Removing "minecraft:crafting" recipes with output: <item:botanypots:hopper_orange_botany_pot>"
[22:18:03.175][DONE][CLIENT][INFO] Removing "minecraft:crafting" recipes with output: <item:botanypots:magenta_botany_pot>"
[22:18:03.178][DONE][CLIENT][INFO] Removing "minecraft:crafting" recipes with output: <item:botanypots:hopper_magenta_botany_pot>"
[22:18:03.181][DONE][CLIENT][INFO] Removing "minecraft:crafting" recipes with output: <item:botanypots:light_blue_botany_pot>"
[22:18:03.185][DONE][CLIENT][INFO] Removing "minecraft:crafting" recipes with output: <item:botanypots:hopper_light_blue_botany_pot>"
[22:18:03.188][DONE][CLIENT][INFO] Removing "minecraft:crafting" recipes with output: <item:botanypots:yellow_botany_pot>"
[22:18:03.192][DONE][CLIENT][INFO] Removing "minecraft:crafting" recipes with output: <item:botanypots:hopper_yellow_botany_pot>"
[22:18:03.196][DONE][CLIENT][INFO] Removing "minecraft:crafting" recipes with output: <item:botanypots:lime_botany_pot>"
[22:18:03.200][DONE][CLIENT][INFO] Removing "minecraft:crafting" recipes with output: <item:botanypots:hopper_lime_botany_pot>"
[22:18:03.204][DONE][CLIENT][INFO] Removing "minecraft:crafting" recipes with output: <item:botanypots:pink_botany_pot>"
[22:18:03.208][DONE][CLIENT][INFO] Removing "minecraft:crafting" recipes with output: <item:botanypots:hopper_pink_botany_pot>"
[22:18:03.211][DONE][CLIENT][INFO] Removing "minecraft:crafting" recipes with output: <item:botanypots:gray_botany_pot>"
[22:18:03.215][DONE][CLIENT][INFO] Removing "minecraft:crafting" recipes with output: <item:botanypots:hopper_gray_botany_pot>"
[22:18:03.218][DONE][CLIENT][INFO] Removing "minecraft:crafting" recipes with output: <item:botanypots:light_gray_botany_pot>"
[22:18:03.222][DONE][CLIENT][INFO] Removing "minecraft:crafting" recipes with output: <item:botanypots:hopper_light_gray_botany_pot>"
[22:18:03.225][DONE][CLIENT][INFO] Removing "minecraft:crafting" recipes with output: <item:botanypots:cyan_botany_pot>"
[22:18:03.227][DONE][CLIENT][INFO] Removing "minecraft:crafting" recipes with output: <item:botanypots:hopper_cyan_botany_pot>"
[22:18:03.230][DONE][CLIENT][INFO] Removing "minecraft:crafting" recipes with output: <item:botanypots:purple_botany_pot>"
[22:18:03.235][DONE][CLIENT][INFO] Removing "minecraft:crafting" recipes with output: <item:botanypots:hopper_purple_botany_pot>"
[22:18:03.237][DONE][CLIENT][INFO] Removing "minecraft:crafting" recipes with output: <item:botanypots:blue_botany_pot>"
[22:18:03.241][DONE][CLIENT][INFO] Removing "minecraft:crafting" recipes with output: <item:botanypots:hopper_blue_botany_pot>"
[22:18:03.244][DONE][CLIENT][INFO] Removing "minecraft:crafting" recipes with output: <item:botanypots:brown_botany_pot>"
[22:18:03.249][DONE][CLIENT][INFO] Removing "minecraft:crafting" recipes with output: <item:botanypots:hopper_brown_botany_pot>"
[22:18:03.252][DONE][CLIENT][INFO] Removing "minecraft:crafting" recipes with output: <item:botanypots:green_botany_pot>"
[22:18:03.255][DONE][CLIENT][INFO] Removing "minecraft:crafting" recipes with output: <item:botanypots:hopper_green_botany_pot>"
[22:18:03.258][DONE][CLIENT][INFO] Removing "minecraft:crafting" recipes with output: <item:botanypots:red_botany_pot>"
[22:18:03.261][DONE][CLIENT][INFO] Removing "minecraft:crafting" recipes with output: <item:botanypots:hopper_red_botany_pot>"
[22:18:03.264][DONE][CLIENT][INFO] Removing "minecraft:crafting" recipes with output: <item:botanypots:black_botany_pot>"
[22:18:03.268][DONE][CLIENT][INFO] Removing "minecraft:crafting" recipes with output: <item:botanypots:hopper_black_botany_pot>"
[22:18:03.271][DONE][CLIENT][INFO] Removing "minecraft:crafting" recipes with output: <item:industrialforegoing:fluid_laser_base>"
[22:18:03.274][DONE][CLIENT][INFO] Removing "minecraft:crafting" recipes with output: <item:industrialforegoing:ore_laser_base>"
[22:18:03.277][DONE][CLIENT][INFO] Removing "minecraft:crafting" recipes with output: <item:industrialforegoing:laser_drill>"
[22:18:03.281][DONE][CLIENT][INFO] Removing "minecraft:crafting" recipes with output: <item:industrialforegoing:laser_lens0>"
[22:18:03.285][DONE][CLIENT][INFO] Removing "minecraft:crafting" recipes with output: <item:industrialforegoing:laser_lens1>"
[22:18:03.288][DONE][CLIENT][INFO] Removing "minecraft:crafting" recipes with output: <item:industrialforegoing:laser_lens2>"
[22:18:03.290][DONE][CLIENT][INFO] Removing "minecraft:crafting" recipes with output: <item:industrialforegoing:laser_lens3>"
[22:18:03.293][DONE][CLIENT][INFO] Removing "minecraft:crafting" recipes with output: <item:industrialforegoing:laser_lens4>"
[22:18:03.295][DONE][CLIENT][INFO] Removing "minecraft:crafting" recipes with output: <item:industrialforegoing:laser_lens5>"
[22:18:03.297][DONE][CLIENT][INFO] Removing "minecraft:crafting" recipes with output: <item:industrialforegoing:laser_lens6>"
[22:18:03.299][DONE][CLIENT][INFO] Removing "minecraft:crafting" recipes with output: <item:industrialforegoing:laser_lens13>"
[22:18:03.301][DONE][CLIENT][INFO] Removing "minecraft:crafting" recipes with output: <item:industrialforegoing:laser_lens12>"
[22:18:03.304][DONE][CLIENT][INFO] Removing "minecraft:crafting" recipes with output: <item:industrialforegoing:laser_lens11>"
[22:18:03.306][DONE][CLIENT][INFO] Removing "minecraft:crafting" recipes with output: <item:industrialforegoing:laser_lens10>"
[22:18:03.309][DONE][CLIENT][INFO] Removing "minecraft:crafting" recipes with output: <item:industrialforegoing:laser_lens7>"
[22:18:03.311][DONE][CLIENT][INFO] Removing "minecraft:crafting" recipes with output: <item:industrialforegoing:laser_lens8>"
[22:18:03.313][DONE][CLIENT][INFO] Removing "minecraft:crafting" recipes with output: <item:industrialforegoing:laser_lens9>"
[22:18:03.316][DONE][CLIENT][INFO] Removing "minecraft:crafting" recipes with output: <item:industrialforegoing:laser_lens15>"
[22:18:03.318][DONE][CLIENT][INFO] Removing "minecraft:crafting" recipes with output: <item:industrialforegoing:laser_lens14>"
[22:18:03.321][DONE][CLIENT][INFO] Removing "minecraft:crafting" recipes with output: <item:thermal:electrum_dust>"
[22:18:03.323][DONE][CLIENT][INFO] Removing "minecraft:crafting" recipes with output: <item:thermal:enderium_dust>"
[22:18:03.325][DONE][CLIENT][INFO] Removing "minecraft:crafting" recipes with output: <item:thermal:invar_dust>"
[22:18:03.327][DONE][CLIENT][INFO] Removing "minecraft:crafting" recipes with output: <item:thermal:bronze_dust>"
[22:18:03.330][DONE][CLIENT][INFO] Removing "minecraft:crafting" recipes with output: <item:thermal:lumium_dust>"
[22:18:03.334][DONE][CLIENT][INFO] Removing "minecraft:crafting" recipes with output: <item:thermal:constantan_dust>"
[22:18:03.337][DONE][CLIENT][INFO] Removing "minecraft:crafting" recipes with output: <item:thermal:signalum_dust>"
[22:18:03.340][DONE][CLIENT][INFO] Removing "minecraft:crafting" recipes with output: <item:extendedcrafting:ender_alternator>"
[22:18:03.343][DONE][CLIENT][INFO] Removing "minecraft:crafting" recipes with output: <item:extendedcrafting:ender_crafter>"
[22:18:03.345][DONE][CLIENT][INFO] Removing "minecraft:crafting" recipes with output: <item:extendedcrafting:basic_table>"
[22:18:03.347][DONE][CLIENT][INFO] Removing "minecraft:crafting" recipes with output: <item:extendedcrafting:advanced_table>"
[22:18:03.350][DONE][CLIENT][INFO] Removing "minecraft:crafting" recipes with output: <item:extendedcrafting:elite_table>"
[22:18:03.353][DONE][CLIENT][INFO] Removing "minecraft:crafting" recipes with output: <item:extendedcrafting:ultimate_table>"
[22:18:03.355][DONE][CLIENT][INFO] Removing "minecraft:crafting" recipes with output: <item:extendedcrafting:frame>"
[22:18:03.357][DONE][CLIENT][INFO] Removing "minecraft:crafting" recipes with output: <item:extendedcrafting:black_iron_slate>"
[22:18:03.360][DONE][CLIENT][INFO] Removing "minecraft:crafting" recipes with output: <item:extendedcrafting:pedestal>"
[22:18:03.362][DONE][CLIENT][INFO] Removing "minecraft:crafting" recipes with output: <item:extendedcrafting:crafting_core>"
[22:18:03.365][DONE][CLIENT][INFO] Removing "minecraft:crafting" recipes with output: <item:mysticalagriculture:air_agglomeratio>"
[22:18:03.367][DONE][CLIENT][INFO] Removing "minecraft:crafting" recipes with output: <item:mysticalagriculture:earth_agglomeratio>"
[22:18:03.370][DONE][CLIENT][INFO] Removing "minecraft:crafting" recipes with output: <item:mysticalagriculture:water_agglomeratio>"
[22:18:03.372][DONE][CLIENT][INFO] Removing "minecraft:crafting" recipes with output: <item:mysticalagriculture:fire_agglomeratio>"
[22:18:03.374][DONE][CLIENT][INFO] Removing "minecraft:crafting" recipes with output: <item:mysticalagriculture:nature_agglomeratio>"
[22:18:03.377][DONE][CLIENT][INFO] Removing "minecraft:crafting" recipes with output: <item:mysticalagriculture:dye_agglomeratio>"
[22:18:03.379][DONE][CLIENT][INFO] Removing "minecraft:crafting" recipes with output: <item:mysticalagriculture:nether_agglomeratio>"
[22:18:03.380][DONE][CLIENT][INFO] Removing "minecraft:crafting" recipes with output: <item:mysticalagriculture:coral_agglomeratio>"
[22:18:03.381][DONE][CLIENT][INFO] Removing "minecraft:crafting" recipes with output: <item:mysticalagriculture:honey_agglomeratio>"
[22:18:03.382][DONE][CLIENT][INFO] Removing "minecraft:crafting" recipes with output: <item:mysticalagriculture:end_agglomeratio>"
[22:18:03.384][DONE][CLIENT][INFO] Removing "minecraft:crafting" recipes with output: <item:mysticalagriculture:mystical_flower_agglomeratio>"
[22:18:03.387][DONE][CLIENT][INFO] Removing "minecraft:crafting" recipes with output: <item:minecraft:netherite_ingot>"
[22:18:03.390][DONE][CLIENT][INFO] Removing "minecraft:crafting" recipes with output: <item:botania:floating_pure_daisy>"
[22:18:03.392][DONE][CLIENT][INFO] Removing "minecraft:crafting" recipes with output: <item:botania:floating_manastar>"
[22:18:03.394][DONE][CLIENT][INFO] Removing "minecraft:crafting" recipes with output: <item:botania:floating_hydroangeas>"
[22:18:03.396][DONE][CLIENT][INFO] Removing "minecraft:crafting" recipes with output: <item:botania:floating_endoflame>"
[22:18:03.399][DONE][CLIENT][INFO] Removing "minecraft:crafting" recipes with output: <item:botania:floating_thermalily>"
[22:18:03.402][DONE][CLIENT][INFO] Removing "minecraft:crafting" recipes with output: <item:botania:floating_rosa_arcana>"
[22:18:03.404][DONE][CLIENT][INFO] Removing "minecraft:crafting" recipes with output: <item:botania:floating_munchdew>"
[22:18:03.406][DONE][CLIENT][INFO] Removing "minecraft:crafting" recipes with output: <item:botania:floating_entropinnyum>"
[22:18:03.408][DONE][CLIENT][INFO] Removing "minecraft:crafting" recipes with output: <item:botania:floating_kekimurus>"
[22:18:03.411][DONE][CLIENT][INFO] Removing "minecraft:crafting" recipes with output: <item:botania:floating_gourmaryllis>"
[22:18:03.413][DONE][CLIENT][INFO] Removing "minecraft:crafting" recipes with output: <item:botania:floating_narslimmus>"
[22:18:03.416][DONE][CLIENT][INFO] Removing "minecraft:crafting" recipes with output: <item:botania:floating_spectrolus>"
[22:18:03.418][DONE][CLIENT][INFO] Removing "minecraft:crafting" recipes with output: <item:botania:floating_dandelifeon>"
[22:18:03.420][DONE][CLIENT][INFO] Removing "minecraft:crafting" recipes with output: <item:botania:floating_rafflowsia>"
[22:18:03.422][DONE][CLIENT][INFO] Removing "minecraft:crafting" recipes with output: <item:botania:floating_shulk_me_not>"
[22:18:03.424][DONE][CLIENT][INFO] Removing "minecraft:crafting" recipes with output: <item:botania:floating_bellethorn>"
[22:18:03.426][DONE][CLIENT][INFO] Removing "minecraft:crafting" recipes with output: <item:botania:floating_bellethorn_chibi>"
[22:18:03.428][DONE][CLIENT][INFO] Removing "minecraft:crafting" recipes with output: <item:botania:floating_bergamute>"
[22:18:03.430][DONE][CLIENT][INFO] Removing "minecraft:crafting" recipes with output: <item:botania:floating_dreadthorn>"
[22:18:03.431][DONE][CLIENT][INFO] Removing "minecraft:crafting" recipes with output: <item:botania:floating_heisei_dream>"
[22:18:03.431][DONE][CLIENT][INFO] Removing "minecraft:crafting" recipes with output: <item:botania:floating_tigerseye>"
[22:18:03.433][DONE][CLIENT][INFO] Removing "minecraft:crafting" recipes with output: <item:botania:floating_jaded_amaranthus>"
[22:18:03.436][DONE][CLIENT][INFO] Removing "minecraft:crafting" recipes with output: <item:botania:floating_orechid>"
[22:18:03.438][DONE][CLIENT][INFO] Removing "minecraft:crafting" recipes with output: <item:botania:floating_fallen_kanade>"
[22:18:03.440][DONE][CLIENT][INFO] Removing "minecraft:crafting" recipes with output: <item:botania:floating_exoflame>"
[22:18:03.442][DONE][CLIENT][INFO] Removing "minecraft:crafting" recipes with output: <item:botania:floating_agricarnation>"
[22:18:03.444][DONE][CLIENT][INFO] Removing "minecraft:crafting" recipes with output: <item:botania:floating_agricarnation_chibi>"
[22:18:03.447][DONE][CLIENT][INFO] Removing "minecraft:crafting" recipes with output: <item:botania:floating_hopperhock>"
[22:18:03.451][DONE][CLIENT][INFO] Removing "minecraft:crafting" recipes with output: <item:botania:floating_hopperhock_chibi>"
[22:18:03.453][DONE][CLIENT][INFO] Removing "minecraft:crafting" recipes with output: <item:botania:floating_tangleberrie>"
[22:18:03.455][DONE][CLIENT][INFO] Removing "minecraft:crafting" recipes with output: <item:botania:floating_jiyuulia>"
[22:18:03.457][DONE][CLIENT][INFO] Removing "minecraft:crafting" recipes with output: <item:botania:floating_rannuncarpus>"
[22:18:03.460][DONE][CLIENT][INFO] Removing "minecraft:crafting" recipes with output: <item:botania:floating_rannuncarpus_chibi>"
[22:18:03.461][DONE][CLIENT][INFO] Removing "minecraft:crafting" recipes with output: <item:botania:floating_hyacidus>"
[22:18:03.463][DONE][CLIENT][INFO] Removing "minecraft:crafting" recipes with output: <item:botania:floating_pollidisiac>"
[22:18:03.464][DONE][CLIENT][INFO] Removing "minecraft:crafting" recipes with output: <item:botania:floating_clayconia>"
[22:18:03.465][DONE][CLIENT][INFO] Removing "minecraft:crafting" recipes with output: <item:botania:floating_clayconia_chibi>"
[22:18:03.466][DONE][CLIENT][INFO] Removing "minecraft:crafting" recipes with output: <item:botania:floating_loonium>"
[22:18:03.467][DONE][CLIENT][INFO] Removing "minecraft:crafting" recipes with output: <item:botania:floating_daffomill>"
[22:18:03.470][DONE][CLIENT][INFO] Removing "minecraft:crafting" recipes with output: <item:botania:floating_vinculotus>"
[22:18:03.472][DONE][CLIENT][INFO] Removing "minecraft:crafting" recipes with output: <item:botania:floating_spectranthemum>"
[22:18:03.475][DONE][CLIENT][INFO] Removing "minecraft:crafting" recipes with output: <item:botania:floating_medumone>"
[22:18:03.477][DONE][CLIENT][INFO] Removing "minecraft:crafting" recipes with output: <item:botania:floating_marimorphosis>"
[22:18:03.479][DONE][CLIENT][INFO] Removing "minecraft:crafting" recipes with output: <item:botania:floating_marimorphosis_chibi>"
[22:18:03.482][DONE][CLIENT][INFO] Removing "minecraft:crafting" recipes with output: <item:botania:floating_bubbell>"
[22:18:03.484][DONE][CLIENT][INFO] Removing "minecraft:crafting" recipes with output: <item:botania:floating_bubbell_chibi>"
[22:18:03.487][DONE][CLIENT][INFO] Removing "minecraft:crafting" recipes with output: <item:botania:floating_solegnolia>"
[22:18:03.489][DONE][CLIENT][INFO] Removing "minecraft:crafting" recipes with output: <item:botania:floating_solegnolia_chibi>"
[22:18:03.491][DONE][CLIENT][INFO] Removing "minecraft:crafting" recipes with output: <item:botania:floating_orechid_ignem>"
[22:18:03.493][DONE][CLIENT][INFO] Removing "minecraft:crafting" recipes with output: <item:mythicbotany:exoblaze_floating>"
[22:18:03.495][DONE][CLIENT][INFO] Removing "minecraft:crafting" recipes with output: <item:mythicbotany:wither_aconite_floating>"
[22:18:03.498][DONE][CLIENT][INFO] Removing "minecraft:crafting" recipes with output: <item:mythicbotany:aquapanthus_floating>"
[22:18:03.501][DONE][CLIENT][INFO] Removing "minecraft:crafting" recipes with output: <item:mythicbotany:hellebore_floating>"
[22:18:03.503][DONE][CLIENT][INFO] Removing "minecraft:crafting" recipes with output: <item:mythicbotany:raindeletia_floating>"
[22:18:03.505][DONE][CLIENT][INFO] Removing "minecraft:crafting" recipe with name: "thermal:fire_charge/bronze_ingot_4"
[22:18:03.505][DONE][CLIENT][INFO] Removing "minecraft:crafting" recipe with name: "thermal:fire_charge/enderium_ingot_2"
[22:18:03.505][DONE][CLIENT][INFO] Removing "minecraft:crafting" recipe with name: "thermal:fire_charge/constantan_ingot_2"
[22:18:03.505][DONE][CLIENT][INFO] Removing "minecraft:crafting" recipe with name: "thermal:fire_charge/electrum_ingot_2"
[22:18:03.505][DONE][CLIENT][INFO] Removing "minecraft:crafting" recipe with name: "thermal:fire_charge/signalum_ingot_4"
[22:18:03.505][DONE][CLIENT][INFO] Removing "minecraft:crafting" recipe with name: "thermal:fire_charge/invar_ingot_3"
[22:18:03.505][DONE][CLIENT][INFO] Removing "minecraft:crafting" recipe with name: "thermal:fire_charge/lumium_ingot_4"
[22:18:03.505][DONE][CLIENT][INFO] Removing "minecraft:crafting" recipe with name: "thermal:storage/bronze_ingot"
[22:18:03.505][DONE][CLIENT][INFO] Removing "minecraft:crafting" recipe with name: "thermal:storage/copper_ingot"
[22:18:03.505][DONE][CLIENT][INFO] Removing "minecraft:crafting" recipe with name: "thermal:storage/enderium_ingot"
[22:18:03.505][DONE][CLIENT][INFO] Removing "minecraft:crafting" recipe with name: "thermal:storage/constantan_ingot"
[22:18:03.505][DONE][CLIENT][INFO] Removing "minecraft:crafting" recipe with name: "thermal:storage/electrum_ingot"
[22:18:03.505][DONE][CLIENT][INFO] Removing "minecraft:crafting" recipe with name: "thermal:storage/tin_ingot"
[22:18:03.505][DONE][CLIENT][INFO] Removing "minecraft:crafting" recipe with name: "thermal:storage/signalum_ingot"
[22:18:03.505][DONE][CLIENT][INFO] Removing "minecraft:crafting" recipe with name: "thermal:storage/silver_ingot"
[22:18:03.505][DONE][CLIENT][INFO] Removing "minecraft:crafting" recipe with name: "thermal:storage/lumium_ingot"
[22:18:03.505][DONE][CLIENT][INFO] Removing "minecraft:crafting" recipe with name: "thermal:storage/lead_ingot"
[22:18:03.505][DONE][CLIENT][INFO] Removing "minecraft:crafting" recipe with name: "thermal:storage/nickel_ingot"
[22:18:03.505][DONE][CLIENT][INFO] Removing "minecraft:crafting" recipe with name: "thermal:storage/invar_ingot"
[22:18:03.505][DONE][CLIENT][INFO] Removing "minecraft:crafting" recipe with name: "extendedcrafting:black_iron_ingot"
[22:18:03.505][DONE][CLIENT][INFO] Removing "minecraft:crafting" recipe with name: "extendedcrafting:redstone_ingot"
[22:18:03.505][DONE][CLIENT][INFO] Removing "minecraft:crafting" recipe with name: "extendedcrafting:ender_ingot"
[22:18:03.505][DONE][CLIENT][INFO] Removing Infusion Crafting recipes for <item:mysticalagriculture:signalum_seeds>
[22:18:03.506][DONE][CLIENT][INFO] Removing Infusion Crafting recipes for <item:mysticalagriculture:lumium_seeds>
[22:18:03.506][DONE][CLIENT][INFO] Removing Infusion Crafting recipes for <item:mysticalagriculture:energized_steel_seeds>
[22:18:03.506][DONE][CLIENT][INFO] Removing Infusion Crafting recipes for <item:mysticalagriculture:blazing_crystal_seeds>
[22:18:03.506][DONE][CLIENT][INFO] Removing Infusion Crafting recipes for <item:mysticalagriculture:terrasteel_seeds>
[22:18:03.506][DONE][CLIENT][INFO] Removing Infusion Crafting recipes for <item:mysticalagriculture:wither_skeleton_seeds>
[22:18:03.506][DONE][CLIENT][INFO] Removing Infusion Crafting recipes for <item:mysticalagriculture:netherite_seeds>
[22:18:03.506][DONE][CLIENT][INFO] Removing Infusion Crafting recipes for <item:mysticalagriculture:emerald_seeds>
[22:18:03.506][DONE][CLIENT][INFO] Removing Infusion Crafting recipes for <item:mysticalagriculture:diamond_seeds>
[22:18:03.506][DONE][CLIENT][INFO] Removing Infusion Crafting recipes for <item:mysticalagriculture:fluix_seeds>
[22:18:03.506][DONE][CLIENT][INFO] Removing Infusion Crafting recipes for <item:mysticalagriculture:compressed_iron_seeds>
[22:18:03.506][DONE][CLIENT][INFO] Removing Infusion Crafting recipes for <item:mysticalagriculture:refined_obsidian_seeds>
[22:18:03.506][DONE][CLIENT][INFO] Removing Infusion Crafting recipes for <item:mysticalagriculture:refined_glowstone_seeds>
[22:18:03.506][DONE][CLIENT][INFO] Removing Infusion Crafting recipes for <item:mysticalagriculture:osmium_seeds>
[22:18:03.506][DONE][CLIENT][INFO] Removing Infusion Crafting recipes for <item:mysticalagriculture:elementium_seeds>
[22:18:03.506][DONE][CLIENT][INFO] Removing Infusion Crafting recipes for <item:mysticalagriculture:chrome_seeds>
[22:18:03.506][DONE][CLIENT][INFO] Removing Infusion Crafting recipes for <item:mysticalagriculture:uranium_seeds>
[22:18:03.506][DONE][CLIENT][INFO] Removing Infusion Crafting recipes for <item:mysticalagriculture:titanium_seeds>
[22:18:03.506][DONE][CLIENT][INFO] Removing Infusion Crafting recipes for <item:mysticalagriculture:tungsten_seeds>
[22:18:03.506][DONE][CLIENT][INFO] Removing Infusion Crafting recipes for <item:mysticalagriculture:mithril_seeds>
[22:18:03.506][DONE][CLIENT][INFO] Removing Infusion Crafting recipes for <item:mysticalagriculture:invar_seeds>
[22:18:03.506][DONE][CLIENT][INFO] Removing Infusion Crafting recipes for <item:mysticalagriculture:electrum_seeds>
[22:18:03.506][DONE][CLIENT][INFO] Removing Infusion Crafting recipes for <item:mysticalagriculture:constantan_seeds>
[22:18:03.506][DONE][CLIENT][INFO] Removing Infusion Crafting recipes for <item:mysticalagriculture:nickel_seeds>
[22:18:03.506][DONE][CLIENT][INFO] Removing Infusion Crafting recipes for <item:mysticalagriculture:steel_seeds>
[22:18:03.506][DONE][CLIENT][INFO] Removing Infusion Crafting recipes for <item:mysticalagriculture:enderman_seeds>
[22:18:03.506][DONE][CLIENT][INFO] Removing Infusion Crafting recipes for <item:mysticalagriculture:ghast_seeds>
[22:18:03.506][DONE][CLIENT][INFO] Removing Infusion Crafting recipes for <item:mysticalagriculture:blaze_seeds>
[22:18:03.506][DONE][CLIENT][INFO] Removing Infusion Crafting recipes for <item:mysticalagriculture:experience_seeds>
[22:18:03.506][DONE][CLIENT][INFO] Removing Infusion Crafting recipes for <item:mysticalagriculture:end_seeds>
[22:18:03.506][DONE][CLIENT][INFO] Removing Infusion Crafting recipes for <item:mysticalagriculture:lapis_lazuli_seeds>
[22:18:03.506][DONE][CLIENT][INFO] Removing Infusion Crafting recipes for <item:mysticalagriculture:gold_seeds>
[22:18:03.506][DONE][CLIENT][INFO] Finished loading Scripts!
[22:18:36.536][DONE][CLIENT][INFO] Loading file: Botany.zs
[22:18:36.536][DONE][CLIENT][INFO] Loading file: Mekanism.zs
[22:18:36.537][DONE][CLIENT][INFO] Loading file: MysticalAgriculture.zs
[22:18:36.537][DONE][CLIENT][INFO] Loading file: RemoveAndHide.zs
[22:18:36.538][DONE][CLIENT][INFO] Loading file: ResourcePandas.zs
[22:18:36.558][DONE][CLIENT][INFO] JEI Hiding Item: <item:botanypots:white_botany_pot>
[22:18:36.558][DONE][CLIENT][INFO] JEI Hiding Item: <item:botanypots:hopper_white_botany_pot>
[22:18:36.558][DONE][CLIENT][INFO] JEI Hiding Item: <item:botanypots:orange_botany_pot>
[22:18:36.558][DONE][CLIENT][INFO] JEI Hiding Item: <item:botanypots:hopper_orange_botany_pot>
[22:18:36.558][DONE][CLIENT][INFO] JEI Hiding Item: <item:botanypots:magenta_botany_pot>
[22:18:36.559][DONE][CLIENT][INFO] JEI Hiding Item: <item:botanypots:hopper_magenta_botany_pot>
[22:18:36.559][DONE][CLIENT][INFO] JEI Hiding Item: <item:botanypots:light_blue_botany_pot>
[22:18:36.559][DONE][CLIENT][INFO] JEI Hiding Item: <item:botanypots:hopper_light_blue_botany_pot>
[22:18:36.559][DONE][CLIENT][INFO] JEI Hiding Item: <item:botanypots:yellow_botany_pot>
[22:18:36.559][DONE][CLIENT][INFO] JEI Hiding Item: <item:botanypots:hopper_yellow_botany_pot>
[22:18:36.559][DONE][CLIENT][INFO] JEI Hiding Item: <item:botanypots:lime_botany_pot>
[22:18:36.559][DONE][CLIENT][INFO] JEI Hiding Item: <item:botanypots:hopper_lime_botany_pot>
[22:18:36.559][DONE][CLIENT][INFO] JEI Hiding Item: <item:botanypots:pink_botany_pot>
[22:18:36.559][DONE][CLIENT][INFO] JEI Hiding Item: <item:botanypots:hopper_pink_botany_pot>
[22:18:36.559][DONE][CLIENT][INFO] JEI Hiding Item: <item:botanypots:gray_botany_pot>
[22:18:36.559][DONE][CLIENT][INFO] JEI Hiding Item: <item:botanypots:hopper_gray_botany_pot>
[22:18:36.559][DONE][CLIENT][INFO] JEI Hiding Item: <item:botanypots:light_gray_botany_pot>
[22:18:36.559][DONE][CLIENT][INFO] JEI Hiding Item: <item:botanypots:hopper_light_gray_botany_pot>
[22:18:36.559][DONE][CLIENT][INFO] JEI Hiding Item: <item:botanypots:cyan_botany_pot>
[22:18:36.559][DONE][CLIENT][INFO] JEI Hiding Item: <item:botanypots:hopper_cyan_botany_pot>
[22:18:36.559][DONE][CLIENT][INFO] JEI Hiding Item: <item:botanypots:purple_botany_pot>
[22:18:36.559][DONE][CLIENT][INFO] JEI Hiding Item: <item:botanypots:hopper_purple_botany_pot>
[22:18:36.559][DONE][CLIENT][INFO] JEI Hiding Item: <item:botanypots:blue_botany_pot>
[22:18:36.559][DONE][CLIENT][INFO] JEI Hiding Item: <item:botanypots:hopper_blue_botany_pot>
[22:18:36.559][DONE][CLIENT][INFO] JEI Hiding Item: <item:botanypots:brown_botany_pot>
[22:18:36.559][DONE][CLIENT][INFO] JEI Hiding Item: <item:botanypots:hopper_brown_botany_pot>
[22:18:36.559][DONE][CLIENT][INFO] JEI Hiding Item: <item:botanypots:green_botany_pot>
[22:18:36.559][DONE][CLIENT][INFO] JEI Hiding Item: <item:botanypots:hopper_green_botany_pot>
[22:18:36.559][DONE][CLIENT][INFO] JEI Hiding Item: <item:botanypots:red_botany_pot>
[22:18:36.559][DONE][CLIENT][INFO] JEI Hiding Item: <item:botanypots:hopper_red_botany_pot>
[22:18:36.559][DONE][CLIENT][INFO] JEI Hiding Item: <item:botanypots:black_botany_pot>
[22:18:36.559][DONE][CLIENT][INFO] JEI Hiding Item: <item:botanypots:hopper_black_botany_pot>
[22:18:36.559][DONE][CLIENT][INFO] JEI Hiding Item: <item:industrialforegoing:fluid_laser_base>
[22:18:36.559][DONE][CLIENT][INFO] JEI Hiding Item: <item:industrialforegoing:ore_laser_base>
[22:18:36.559][DONE][CLIENT][INFO] JEI Hiding Item: <item:industrialforegoing:laser_drill>
[22:18:36.559][DONE][CLIENT][INFO] JEI Hiding Item: <item:industrialforegoing:laser_lens0>
[22:18:36.559][DONE][CLIENT][INFO] JEI Hiding Item: <item:industrialforegoing:laser_lens1>
[22:18:36.559][DONE][CLIENT][INFO] JEI Hiding Item: <item:industrialforegoing:laser_lens2>
[22:18:36.559][DONE][CLIENT][INFO] JEI Hiding Item: <item:industrialforegoing:laser_lens3>
[22:18:36.559][DONE][CLIENT][INFO] JEI Hiding Item: <item:industrialforegoing:laser_lens4>
[22:18:36.559][DONE][CLIENT][INFO] JEI Hiding Item: <item:industrialforegoing:laser_lens5>
[22:18:36.559][DONE][CLIENT][INFO] JEI Hiding Item: <item:industrialforegoing:laser_lens6>
[22:18:36.559][DONE][CLIENT][INFO] JEI Hiding Item: <item:industrialforegoing:laser_lens13>
[22:18:36.559][DONE][CLIENT][INFO] JEI Hiding Item: <item:industrialforegoing:laser_lens12>
[22:18:36.559][DONE][CLIENT][INFO] JEI Hiding Item: <item:industrialforegoing:laser_lens11>
[22:18:36.559][DONE][CLIENT][INFO] JEI Hiding Item: <item:industrialforegoing:laser_lens10>
[22:18:36.559][DONE][CLIENT][INFO] JEI Hiding Item: <item:industrialforegoing:laser_lens7>
[22:18:36.559][DONE][CLIENT][INFO] JEI Hiding Item: <item:industrialforegoing:laser_lens8>
[22:18:36.559][DONE][CLIENT][INFO] JEI Hiding Item: <item:industrialforegoing:laser_lens9>
[22:18:36.559][DONE][CLIENT][INFO] JEI Hiding Item: <item:industrialforegoing:laser_lens15>
[22:18:36.559][DONE][CLIENT][INFO] JEI Hiding Item: <item:industrialforegoing:laser_lens14>
[22:18:36.559][DONE][CLIENT][INFO] JEI Hiding Item: <item:thermal:electrum_dust>
[22:18:36.559][DONE][CLIENT][INFO] JEI Hiding Item: <item:thermal:enderium_dust>
[22:18:36.559][DONE][CLIENT][INFO] JEI Hiding Item: <item:thermal:invar_dust>
[22:18:36.560][DONE][CLIENT][INFO] JEI Hiding Item: <item:thermal:bronze_dust>
[22:18:36.560][DONE][CLIENT][INFO] JEI Hiding Item: <item:thermal:lumium_dust>
[22:18:36.560][DONE][CLIENT][INFO] JEI Hiding Item: <item:thermal:constantan_dust>
[22:18:36.560][DONE][CLIENT][INFO] JEI Hiding Item: <item:thermal:signalum_dust>
[22:18:36.560][DONE][CLIENT][INFO] JEI Hiding Item: <item:mysticalagriculture:diamond_seeds>
[22:18:36.560][DONE][CLIENT][INFO] JEI Hiding Item: <item:mysticalagriculture:emerald_seeds>
[22:18:36.560][DONE][CLIENT][INFO] JEI Hiding Item: <item:mysticalagriculture:netherite_seeds>
[22:18:36.560][DONE][CLIENT][INFO] JEI Hiding Item: <item:mysticalagriculture:wither_skeleton_seeds>
[22:18:36.560][DONE][CLIENT][INFO] JEI Hiding Item: <item:mysticalagriculture:terrasteel_seeds>
[22:18:36.561][DONE][CLIENT][INFO] Adding JEI Info for: <item:mekanism:fluorite_gem>
[22:18:36.561][DONE][CLIENT][INFO] Adding JEI Info for: <item:minecraft:diamond>
[22:18:36.561][DONE][CLIENT][INFO] Adding JEI Info for: <item:minecraft:emerald>
[22:18:36.561][DONE][CLIENT][INFO] Adding JEI Info for: <item:mysticalagriculture:wither_skeleton_essence>
[22:18:36.561][DONE][CLIENT][INFO] Adding JEI Info for: <item:minecraft:netherite_ingot>
[22:18:36.561][DONE][CLIENT][INFO] Adding JEI Info for: <item:mekanism:dust_netherite>
[22:18:36.561][DONE][CLIENT][INFO] Adding JEI Info for: <item:botania:terrasteel_ingot>
[22:18:36.561][DONE][CLIENT][INFO] Adding JEI Info for: <item:appliedenergistics2:purified_certus_quartz_crystal>
[22:18:36.561][DONE][CLIENT][INFO] Adding JEI Info for: <item:elementalcraft:inertcrystal>
[22:18:43.967][DONE][CLIENT][INFO] Loading file: Botany.zs
[22:18:43.968][DONE][CLIENT][INFO] Loading file: Mekanism.zs
[22:18:43.968][DONE][CLIENT][INFO] Loading file: MysticalAgriculture.zs
[22:18:43.968][DONE][CLIENT][INFO] Loading file: RemoveAndHide.zs
[22:18:43.969][DONE][CLIENT][INFO] Loading file: ResourcePandas.zs
[22:18:43.984][DONE][CLIENT][INFO] JEI Hiding Item: <item:botanypots:white_botany_pot>
[22:18:43.984][DONE][CLIENT][INFO] JEI Hiding Item: <item:botanypots:hopper_white_botany_pot>
[22:18:43.984][DONE][CLIENT][INFO] JEI Hiding Item: <item:botanypots:orange_botany_pot>
[22:18:43.984][DONE][CLIENT][INFO] JEI Hiding Item: <item:botanypots:hopper_orange_botany_pot>
[22:18:43.984][DONE][CLIENT][INFO] JEI Hiding Item: <item:botanypots:magenta_botany_pot>
[22:18:43.984][DONE][CLIENT][INFO] JEI Hiding Item: <item:botanypots:hopper_magenta_botany_pot>
[22:18:43.984][DONE][CLIENT][INFO] JEI Hiding Item: <item:botanypots:light_blue_botany_pot>
[22:18:43.984][DONE][CLIENT][INFO] JEI Hiding Item: <item:botanypots:hopper_light_blue_botany_pot>
[22:18:43.984][DONE][CLIENT][INFO] JEI Hiding Item: <item:botanypots:yellow_botany_pot>
[22:18:43.984][DONE][CLIENT][INFO] JEI Hiding Item: <item:botanypots:hopper_yellow_botany_pot>
[22:18:43.984][DONE][CLIENT][INFO] JEI Hiding Item: <item:botanypots:lime_botany_pot>
[22:18:43.984][DONE][CLIENT][INFO] JEI Hiding Item: <item:botanypots:hopper_lime_botany_pot>
[22:18:43.984][DONE][CLIENT][INFO] JEI Hiding Item: <item:botanypots:pink_botany_pot>
[22:18:43.984][DONE][CLIENT][INFO] JEI Hiding Item: <item:botanypots:hopper_pink_botany_pot>
[22:18:43.984][DONE][CLIENT][INFO] JEI Hiding Item: <item:botanypots:gray_botany_pot>
[22:18:43.984][DONE][CLIENT][INFO] JEI Hiding Item: <item:botanypots:hopper_gray_botany_pot>
[22:18:43.984][DONE][CLIENT][INFO] JEI Hiding Item: <item:botanypots:light_gray_botany_pot>
[22:18:43.984][DONE][CLIENT][INFO] JEI Hiding Item: <item:botanypots:hopper_light_gray_botany_pot>
[22:18:43.984][DONE][CLIENT][INFO] JEI Hiding Item: <item:botanypots:cyan_botany_pot>
[22:18:43.984][DONE][CLIENT][INFO] JEI Hiding Item: <item:botanypots:hopper_cyan_botany_pot>
[22:18:43.984][DONE][CLIENT][INFO] JEI Hiding Item: <item:botanypots:purple_botany_pot>
[22:18:43.984][DONE][CLIENT][INFO] JEI Hiding Item: <item:botanypots:hopper_purple_botany_pot>
[22:18:43.984][DONE][CLIENT][INFO] JEI Hiding Item: <item:botanypots:blue_botany_pot>
[22:18:43.984][DONE][CLIENT][INFO] JEI Hiding Item: <item:botanypots:hopper_blue_botany_pot>
[22:18:43.984][DONE][CLIENT][INFO] JEI Hiding Item: <item:botanypots:brown_botany_pot>
[22:18:43.984][DONE][CLIENT][INFO] JEI Hiding Item: <item:botanypots:hopper_brown_botany_pot>
[22:18:43.984][DONE][CLIENT][INFO] JEI Hiding Item: <item:botanypots:green_botany_pot>
[22:18:43.985][DONE][CLIENT][INFO] JEI Hiding Item: <item:botanypots:hopper_green_botany_pot>
[22:18:43.985][DONE][CLIENT][INFO] JEI Hiding Item: <item:botanypots:red_botany_pot>
[22:18:43.985][DONE][CLIENT][INFO] JEI Hiding Item: <item:botanypots:hopper_red_botany_pot>
[22:18:43.985][DONE][CLIENT][INFO] JEI Hiding Item: <item:botanypots:black_botany_pot>
[22:18:43.985][DONE][CLIENT][INFO] JEI Hiding Item: <item:botanypots:hopper_black_botany_pot>
[22:18:43.985][DONE][CLIENT][INFO] JEI Hiding Item: <item:industrialforegoing:fluid_laser_base>
[22:18:43.985][DONE][CLIENT][INFO] JEI Hiding Item: <item:industrialforegoing:ore_laser_base>
[22:18:43.985][DONE][CLIENT][INFO] JEI Hiding Item: <item:industrialforegoing:laser_drill>
[22:18:43.985][DONE][CLIENT][INFO] JEI Hiding Item: <item:industrialforegoing:laser_lens0>
[22:18:43.985][DONE][CLIENT][INFO] JEI Hiding Item: <item:industrialforegoing:laser_lens1>
[22:18:43.985][DONE][CLIENT][INFO] JEI Hiding Item: <item:industrialforegoing:laser_lens2>
[22:18:43.985][DONE][CLIENT][INFO] JEI Hiding Item: <item:industrialforegoing:laser_lens3>
[22:18:43.985][DONE][CLIENT][INFO] JEI Hiding Item: <item:industrialforegoing:laser_lens4>
[22:18:43.985][DONE][CLIENT][INFO] JEI Hiding Item: <item:industrialforegoing:laser_lens5>
[22:18:43.985][DONE][CLIENT][INFO] JEI Hiding Item: <item:industrialforegoing:laser_lens6>
[22:18:43.985][DONE][CLIENT][INFO] JEI Hiding Item: <item:industrialforegoing:laser_lens13>
[22:18:43.985][DONE][CLIENT][INFO] JEI Hiding Item: <item:industrialforegoing:laser_lens12>
[22:18:43.985][DONE][CLIENT][INFO] JEI Hiding Item: <item:industrialforegoing:laser_lens11>
[22:18:43.985][DONE][CLIENT][INFO] JEI Hiding Item: <item:industrialforegoing:laser_lens10>
[22:18:43.985][DONE][CLIENT][INFO] JEI Hiding Item: <item:industrialforegoing:laser_lens7>
[22:18:43.985][DONE][CLIENT][INFO] JEI Hiding Item: <item:industrialforegoing:laser_lens8>
[22:18:43.985][DONE][CLIENT][INFO] JEI Hiding Item: <item:industrialforegoing:laser_lens9>
[22:18:43.985][DONE][CLIENT][INFO] JEI Hiding Item: <item:industrialforegoing:laser_lens15>
[22:18:43.985][DONE][CLIENT][INFO] JEI Hiding Item: <item:industrialforegoing:laser_lens14>
[22:18:43.985][DONE][CLIENT][INFO] JEI Hiding Item: <item:thermal:electrum_dust>
[22:18:43.985][DONE][CLIENT][INFO] JEI Hiding Item: <item:thermal:enderium_dust>
[22:18:43.985][DONE][CLIENT][INFO] JEI Hiding Item: <item:thermal:invar_dust>
[22:18:43.985][DONE][CLIENT][INFO] JEI Hiding Item: <item:thermal:bronze_dust>
[22:18:43.985][DONE][CLIENT][INFO] JEI Hiding Item: <item:thermal:lumium_dust>
[22:18:43.985][DONE][CLIENT][INFO] JEI Hiding Item: <item:thermal:constantan_dust>
[22:18:43.985][DONE][CLIENT][INFO] JEI Hiding Item: <item:thermal:signalum_dust>
[22:18:43.986][DONE][CLIENT][INFO] JEI Hiding Item: <item:mysticalagriculture:diamond_seeds>
[22:18:43.986][DONE][CLIENT][INFO] JEI Hiding Item: <item:mysticalagriculture:emerald_seeds>
[22:18:43.986][DONE][CLIENT][INFO] JEI Hiding Item: <item:mysticalagriculture:netherite_seeds>
[22:18:43.986][DONE][CLIENT][INFO] JEI Hiding Item: <item:mysticalagriculture:wither_skeleton_seeds>
[22:18:43.986][DONE][CLIENT][INFO] JEI Hiding Item: <item:mysticalagriculture:terrasteel_seeds>
[22:18:43.986][DONE][CLIENT][INFO] Adding JEI Info for: <item:mekanism:fluorite_gem>
[22:18:43.986][DONE][CLIENT][INFO] Adding JEI Info for: <item:minecraft:diamond>
[22:18:43.986][DONE][CLIENT][INFO] Adding JEI Info for: <item:minecraft:emerald>
[22:18:43.987][DONE][CLIENT][INFO] Adding JEI Info for: <item:mysticalagriculture:wither_skeleton_essence>
[22:18:43.987][DONE][CLIENT][INFO] Adding JEI Info for: <item:minecraft:netherite_ingot>
[22:18:43.987][DONE][CLIENT][INFO] Adding JEI Info for: <item:mekanism:dust_netherite>
[22:18:43.987][DONE][CLIENT][INFO] Adding JEI Info for: <item:botania:terrasteel_ingot>
[22:18:43.987][DONE][CLIENT][INFO] Adding JEI Info for: <item:appliedenergistics2:purified_certus_quartz_crystal>
[22:18:43.987][DONE][CLIENT][INFO] Adding JEI Info for: <item:elementalcraft:inertcrystal>
